<?xml version="1.0" encoding="UTF-8"?>
<!-- Generated by org.testng.reporters.JUnitXMLReporter -->
<testsuite hostname="swatikc-lt8" ignored="5" name="Test" tests="1" failures="0" timestamp="13 Nov 2017 10:09:30 GMT" time="8.427" errors="0">
  <testcase name="sample6" time="3.272" classname="com.Base"/>
  <testcase name="sample3" time="0.0" classname="com.Base">
    <ignored/>
  </testcase> <!-- sample3 -->
  <testcase name="sample1" time="0.0" classname="com.Base">
    <ignored/>
  </testcase> <!-- sample1 -->
  <testcase name="sample4" time="0.0" classname="com.Base">
    <ignored/>
  </testcase> <!-- sample4 -->
  <testcase name="sample5" time="0.0" classname="com.Base">
    <ignored/>
  </testcase> <!-- sample5 -->
  <testcase name="sample2" time="0.0" classname="com.Base">
    <ignored/>
  </testcase> <!-- sample2 -->
</testsuite> <!-- Test -->
